1/14/2024 5:11:12 PM : Starting Network Model Serivice...
1/14/2024 5:11:12 PM : Inserting entity with GID (0000000100000001).
1/14/2024 5:11:13 PM : Inserting entity with GID (0000000200000001).
1/14/2024 5:11:13 PM : Inserting entity with GID (0000000200000002).
1/14/2024 5:11:13 PM : Inserting entity with GID (0000000200000003).
1/14/2024 5:11:13 PM : Inserting entity with GID (0000000200000004).
1/14/2024 5:11:13 PM : Inserting entity with GID (0000000200000005).
1/14/2024 5:11:13 PM : Inserting entity with GID (0000000200000006).
1/14/2024 5:11:13 PM : Inserting entity with GID (0000000200000007).
1/14/2024 5:11:13 PM : Inserting entity with GID (0000000300000001).
1/14/2024 5:11:13 PM : Inserting entity with GID (0000000300000002).
1/14/2024 5:11:13 PM : Inserting entity with GID (0000000300000003).
1/14/2024 5:11:13 PM : Inserting entity with GID (0000000300000004).
1/14/2024 5:11:13 PM : Inserting entity with GID (0000000300000005).
1/14/2024 5:11:13 PM : Inserting entity with GID (0000000300000006).
1/14/2024 5:11:13 PM : Inserting entity with GID (0000000300000007).
1/14/2024 5:11:13 PM : Inserting entity with GID (0000000400000001).
1/14/2024 5:11:13 PM : Unknown property id = 1229764173249118474 for entity (GID = 0x0000000400000001).
1/14/2024 5:11:13 PM : Failed to insert entity (GID = 0x0000000400000001) into model. Unknown property id = 1229764173249118474 for entity (GID = 0x0000000400000001).
1/14/2024 5:11:13 PM : Error while applying delta (id = 1) during service initialization. Failed to insert entity (GID = 0x0000000400000001) into model. Unknown property id = 1229764173249118474 for entity (GID = 0x0000000400000001).
1/14/2024 5:11:13 PM : Inserting entity with GID (0000000100000002).
1/14/2024 5:11:13 PM : Inserting entity with GID (0000000200000008).
1/14/2024 5:11:13 PM : Inserting entity with GID (0000000200000009).
1/14/2024 5:11:13 PM : Inserting entity with GID (000000020000000a).
1/14/2024 5:11:13 PM : Inserting entity with GID (000000020000000b).
1/14/2024 5:11:13 PM : Inserting entity with GID (000000020000000c).
1/14/2024 5:11:13 PM : Inserting entity with GID (000000020000000d).
1/14/2024 5:11:13 PM : Inserting entity with GID (000000020000000e).
1/14/2024 5:11:13 PM : Inserting entity with GID (0000000300000008).
1/14/2024 5:11:13 PM : Inserting entity with GID (0000000300000009).
1/14/2024 5:11:13 PM : Inserting entity with GID (000000030000000a).
1/14/2024 5:11:13 PM : Inserting entity with GID (000000030000000b).
1/14/2024 5:11:13 PM : Inserting entity with GID (000000030000000c).
1/14/2024 5:11:13 PM : Inserting entity with GID (000000030000000d).
1/14/2024 5:11:13 PM : Inserting entity with GID (000000030000000e).
1/14/2024 5:11:13 PM : Inserting entity with GID (000000040000000f).
1/14/2024 5:11:13 PM : Unknown property id = 1229764173249118474 for entity (GID = 0x000000040000000f).
1/14/2024 5:11:13 PM : Failed to insert entity (GID = 0x000000040000000f) into model. Unknown property id = 1229764173249118474 for entity (GID = 0x000000040000000f).
1/14/2024 5:11:13 PM : Error while applying delta (id = 2) during service initialization. Failed to insert entity (GID = 0x000000040000000f) into model. Unknown property id = 1229764173249118474 for entity (GID = 0x000000040000000f).
1/14/2024 5:11:14 PM : The WCF service GenericDataAccess is ready.
1/14/2024 5:11:14 PM : Endpoints:
1/14/2024 5:11:14 PM : net.tcp://localhost:10000/NetworkModelService/GDA/
1/14/2024 5:11:14 PM : Connection string: ../NetworkModelData.data
1/14/2024 5:11:14 PM : Trace level: Info
1/14/2024 5:11:14 PM : The Network Model Service is started.
1/14/2024 5:11:14 PM : Press <Enter> to stop the service.
